[0m21:52:46.618167 [debug] [MainThread]: Sending event: {'category': 'dbt', 'action': 'invocation', 'label': 'start', 'context': [<snowplow_tracker.self_describing_json.SelfDescribingJson object at 0x7016eba90d70>, <snowplow_tracker.self_describing_json.SelfDescribingJson object at 0x7016ed354050>, <snowplow_tracker.self_describing_json.SelfDescribingJson object at 0x7016eaa37c50>]}


============================== 21:52:46.622885 | 87939b66-3194-4de5-aa49-24749ae83eb8 ==============================
[0m21:52:46.622885 [info ] [MainThread]: Running with dbt=1.11.6
[0m21:52:46.623319 [debug] [MainThread]: running dbt with arguments {'introspect': 'True', 'log_cache_events': 'False', 'static_parser': 'True', 'use_experimental_parser': 'False', 'no_print': 'None', 'target_path': 'None', 'log_format': 'default', 'fail_fast': 'False', 'send_anonymous_usage_stats': 'True', 'log_path': 'logs', 'use_colors': 'True', 'warn_error': 'None', 'debug': 'False', 'invocation_command': 'dbt init', 'printer_width': '80', 'write_json': 'True', 'quiet': 'False', 'partial_parse': 'True', 'indirect_selection': 'eager', 'warn_error_options': 'WarnErrorOptionsV2(error=[], warn=[], silence=[])', 'cache_selected_only': 'False', 'empty': 'None', 'profiles_dir': '/home/xurenjun/.dbt', 'version_check': 'True'}
[0m21:53:00.380801 [debug] [MainThread]: Starter project path: /home/xurenjun/github/self-finance-observatory/dbt-run-job/.venv/lib/python3.13/site-packages/dbt/include/starter_project
[0m21:53:00.390449 [info ] [MainThread]: 
Your new dbt project "dbt_run" was created!

For more information on how to configure the profiles.yml file,
please consult the dbt documentation here:

  https://docs.getdbt.com/docs/configure-your-profile

One more thing:

Need help? Don't hesitate to reach out to us via GitHub issues or on Slack:

  https://community.getdbt.com/

Happy modeling!

[0m21:53:00.390802 [info ] [MainThread]: Setting up your profile.
[0m21:54:13.330145 [info ] [MainThread]: Profile dbt_run written to /home/xurenjun/.dbt/profiles.yml using target's profile_template.yml and your supplied values. Run 'dbt debug' to validate the connection.
[0m21:54:13.330830 [debug] [MainThread]: Resource report: {"command_name": "init", "command_success": true, "command_wall_clock_time": 87.816826, "process_in_blocks": "428304", "process_kernel_time": 2.554476, "process_mem_max_rss": "366964", "process_out_blocks": "88", "process_user_time": 5.319181}
[0m21:54:13.331414 [debug] [MainThread]: Command `dbt init` succeeded at 21:54:13.331325 after 87.82 seconds
[0m21:54:13.331695 [debug] [MainThread]: Sending event: {'category': 'dbt', 'action': 'invocation', 'label': 'end', 'context': [<snowplow_tracker.self_describing_json.SelfDescribingJson object at 0x7016d2010e90>, <snowplow_tracker.self_describing_json.SelfDescribingJson object at 0x7016d2014ef0>, <snowplow_tracker.self_describing_json.SelfDescribingJson object at 0x7016d2004af0>]}
[0m21:54:13.332055 [debug] [MainThread]: Flushing usage events
[0m21:54:14.215635 [debug] [MainThread]: An error was encountered while trying to flush usage events
